<?xml version="1.0" encoding="UTF-8"?>
<!-- Generated by org.testng.reporters.JUnitReportReporter -->
<testsuite hostname="DIVYAAJAY" failures="0" tests="1" name="POMTests.TC01_GooglePagrTest" time="2.611" errors="0" timestamp="2022-05-28T09:31:47 AEST" skipped="0">
  <testcase classname="POMTests.TC01_GooglePagrTest" name="Googlepage" time="2.611"/>
  <system-out/>
</testsuite> <!-- POMTests.TC01_GooglePagrTest -->
