<?xml version="1.0" encoding="UTF-8"?>
<!-- Generated by org.testng.reporters.JUnitReportReporter -->
<testsuite hostname="DIVYAAJAY" failures="0" tests="1" name="POMTests.TC01_GooglePagrTest" time="7.819" errors="0" timestamp="2022-05-25T19:32:02 AEST" skipped="0">
  <testcase classname="POMTests.TC01_GooglePagrTest" name="Googlepage" time="7.819"/>
  <system-out/>
</testsuite> <!-- POMTests.TC01_GooglePagrTest -->
